<?xml version="1.0" encoding="UTF-8" ?>
<testsuite tests="1" failures="0" name="loginTest" time="0.005" errors="1" skipped="0">
  <properties>
[...]
</properties>
  <testcase classname="loginTest" name="initializationError" time="0.005">
    <error message="Not a file or directory: /Users/larafael.benevenuto/Desktop/mantisAutomation/src/test/resource" type="java.lang.IllegalArgumentException">java.lang.IllegalArgumentException: Not a file or directory: /Users/larafael.benevenuto/Desktop/mantisAutomation/src/test/resource
	at cucumber.runtime.io.FileResourceIterator$FileIterator.&lt;init&gt;(FileResourceIterator.java:63)
	at cucumber.runtime.io.FileResourceIterator.&lt;init&gt;(FileResourceIterator.java:28)
	at cucumber.runtime.io.FileResourceIterator.createFileResourceIterator(FileResourceIterator.java:14)
	at cucumber.runtime.io.FileResourceIterable.iterator(FileResourceIterable.java:19)
	at cucumber.runtime.model.CucumberFeature.loadFromFeaturePath(CucumberFeature.java:112)
	at cucumber.runtime.model.CucumberFeature.load(CucumberFeature.java:49)
	at cucumber.runtime.model.CucumberFeature.load(CucumberFeature.java:31)
	at cucumber.runtime.RuntimeOptions.cucumberFeatures(RuntimeOptions.java:311)
	at cucumber.api.junit.Cucumber.&lt;init&gt;(Cucumber.java:80)
	at java.base/jdk.internal.reflect.NativeConstructorAccessorImpl.newInstance0(Native Method)
	at java.base/jdk.internal.reflect.NativeConstructorAccessorImpl.newInstance(NativeConstructorAccessorImpl.java:62)
	at java.base/jdk.internal.reflect.DelegatingConstructorAccessorImpl.newInstance(DelegatingConstructorAccessorImpl.java:45)
	at java.base/java.lang.reflect.Constructor.newInstance(Constructor.java:490)
	at org.junit.internal.builders.AnnotatedBuilder.buildRunner(AnnotatedBuilder.java:104)
	at org.junit.internal.builders.AnnotatedBuilder.runnerForClass(AnnotatedBuilder.java:86)
	at org.junit.runners.model.RunnerBuilder.safeRunnerForClass(RunnerBuilder.java:70)
	at org.junit.internal.builders.AllDefaultPossibilitiesBuilder.runnerForClass(AllDefaultPossibilitiesBuilder.java:37)
	at org.junit.runners.model.RunnerBuilder.safeRunnerForClass(RunnerBuilder.java:70)
	at org.junit.internal.requests.ClassRequest.createRunner(ClassRequest.java:28)
	at org.junit.internal.requests.MemoizingRequest.getRunner(MemoizingRequest.java:19)
	at org.apache.maven.surefire.junit4.JUnit4Provider.execute(JUnit4Provider.java:250)
	at org.apache.maven.surefire.junit4.JUnit4Provider.executeTestSet(JUnit4Provider.java:141)
	at org.apache.maven.surefire.junit4.JUnit4Provider.invoke(JUnit4Provider.java:112)
	at java.base/jdk.internal.reflect.NativeMethodAccessorImpl.invoke0(Native Method)
	at java.base/jdk.internal.reflect.NativeMethodAccessorImpl.invoke(NativeMethodAccessorImpl.java:62)
	at java.base/jdk.internal.reflect.DelegatingMethodAccessorImpl.invoke(DelegatingMethodAccessorImpl.java:43)
	at java.base/java.lang.reflect.Method.invoke(Method.java:566)
	at org.apache.maven.surefire.util.ReflectionUtils.invokeMethodWithArray(ReflectionUtils.java:189)
	at org.apache.maven.surefire.booter.ProviderFactory$ProviderProxy.invoke(ProviderFactory.java:165)
	at org.apache.maven.surefire.booter.ProviderFactory.invokeProvider(ProviderFactory.java:85)
	at org.apache.maven.surefire.booter.ForkedBooter.runSuitesInProcess(ForkedBooter.java:115)
	at org.apache.maven.surefire.booter.ForkedBooter.main(ForkedBooter.java:75)
</error>
  </testcase>
</testsuite>